<?xml version="1.0" encoding="UTF-8"?>
<!-- Generated by org.testng.reporters.JUnitXMLReporter -->
<testsuite ignored="0" hostname="himaanshu" failures="0" tests="3" name="Alert_test" time="44.964" errors="0" timestamp="2023-02-08T22:44:09 IST">
  <testcase classname="test.Alert_test" name="clickonalertframe" time="0.242"/>
  <testcase classname="test.Alert_test" name="clickonalerts" time="0.374"/>
  <testcase classname="test.Alert_test" name="clickme1alert" time="0.705"/>
</testsuite> <!-- Alert_test -->
