<?xml version="1.0" encoding="UTF-8"?>
<!-- Generated by org.testng.reporters.JUnitXMLReporter -->
<testsuite ignored="0" hostname="himaanshu" failures="0" tests="5" name="Button_test" time="18.793" errors="0" timestamp="2023-02-01T00:05:27 IST">
  <testcase classname="test.Button_test" name="clickOnElement" time="0.272"/>
  <testcase classname="test.Button_test" name="clickOnButton" time="0.266"/>
  <testcase classname="test.Button_test" name="doubleclick" time="0.292"/>
  <testcase classname="test.Button_test" name="rightclick" time="0.274"/>
  <testcase classname="test.Button_test" name="clicktext" time="0.242"/>
</testsuite> <!-- Button_test -->
