<?xml version="1.0" encoding="UTF-8"?>
<!-- Generated by org.testng.reporters.JUnitXMLReporter -->
<testsuite ignored="0" hostname="himaanshu" failures="0" tests="5" name="CheckBox_test" time="26.665" errors="0" timestamp="2022-11-27T17:10:09 IST">
  <testcase classname="test.CheckBox_test" name="clickOnElementButton" time="0.25"/>
  <testcase classname="test.CheckBox_test" name="clickOnCheckBoxButton" time="0.35"/>
  <testcase classname="test.CheckBox_test" name="clickOnmobilecheckboxButton" time="0.614"/>
  <testcase classname="test.CheckBox_test" name="clickOnlaptopcheckboxbutton" time="0.324"/>
  <testcase classname="test.CheckBox_test" name="clickOndesktopcheckboxButton" time="0.327"/>
</testsuite> <!-- CheckBox_test -->
