<?xml version="1.0" encoding="UTF-8"?>
<!-- Generated by org.testng.reporters.JUnitXMLReporter -->
<testsuite ignored="0" hostname="himaanshu" failures="0" tests="4" name="TextBox_test" time="39.502" errors="0" timestamp="2022-11-27T18:33:56 IST">
  <testcase classname="test.TextBox_test" name="clickOnElement" time="0.218"/>
  <testcase classname="test.TextBox_test" name="clickonTextBoxbutton" time="0.284"/>
  <testcase classname="test.TextBox_test" name="sendTextfullname" time="3.874"/>
  <testcase classname="test.TextBox_test" name="getVerifyDetails" time="1.138"/>
</testsuite> <!-- TextBox_test -->
