<?xml version="1.0" encoding="UTF-8"?>
<!-- Generated by org.testng.reporters.JUnitXMLReporter -->
<testsuite ignored="0" hostname="himaanshu" failures="0" tests="3" name="UploadAndDownload_test" time="18.624" errors="0" timestamp="2023-03-21T20:33:49 IST">
  <testcase classname="test.UploadAndDownload_test" name="clickOnElement" time="0.251"/>
  <testcase classname="test.UploadAndDownload_test" name="clickonuploaddownload" time="0.325"/>
  <testcase classname="test.UploadAndDownload_test" name="clickonchose" time="1.908"/>
</testsuite> <!-- UploadAndDownload_test -->
