<?xml version="1.0" encoding="UTF-8"?>
<!-- Generated by org.testng.reporters.JUnitXMLReporter -->
<testsuite ignored="0" hostname="himaanshu" failures="0" tests="3" name="Webtable_test" time="26.678" errors="0" timestamp="2023-01-19T20:09:05 IST">
  <testcase classname="test.Webtable_test" name="clickOnElement" time="0.226"/>
  <testcase classname="test.Webtable_test" name="clickOnwebtable" time="0.311"/>
  <testcase classname="test.Webtable_test" name="filldetails" time="2.864"/>
</testsuite> <!-- Webtable_test -->
