<?xml version="1.0" encoding="UTF-8"?>
<!-- Generated by org.testng.reporters.JUnitXMLReporter -->
<testsuite ignored="0" hostname="himaanshu" failures="0" tests="3" name="Default test" time="22.926" errors="0" timestamp="2023-01-31T22:14:14 IST">
  <testcase classname="test.Webtable_test" name="clickOnElement" time="0.325"/>
  <testcase classname="test.Webtable_test" name="clickOnwebtable" time="0.312"/>
  <testcase classname="test.Webtable_test" name="filldetails" time="2.948"/>
</testsuite> <!-- Default test -->
