<?xml version="1.0" encoding="UTF-8"?>
<testng-results ignored="0" total="3" passed="3" failed="0" skipped="0">
  <reporter-output>
  </reporter-output>
  <suite started-at="2023-03-21T20:33:30 IST" name="Testing_Baba" finished-at="2023-03-21T20:33:49 IST" duration-ms="18624">
    <groups>
    </groups>
    <test started-at="2023-03-21T20:33:30 IST" name="UploadAndDownload_test" finished-at="2023-03-21T20:33:49 IST" duration-ms="18624">
      <class name="test.UploadAndDownload_test">
        <test-method is-config="true" signature="getLaunchtestingBaba()[pri:0, instance:test.UploadAndDownload_test@429bffaa]" started-at="2023-03-21T20:33:30 IST" name="getLaunchtestingBaba" finished-at="2023-03-21T20:33:45 IST" duration-ms="14978" status="PASS">
          <reporter-output>
          </reporter-output>
        </test-method> <!-- getLaunchtestingBaba -->
        <test-method signature="clickOnElement()[pri:0, instance:test.UploadAndDownload_test@429bffaa]" started-at="2023-03-21T20:33:46 IST" name="clickOnElement" finished-at="2023-03-21T20:33:46 IST" duration-ms="251" status="PASS">
          <reporter-output>
          </reporter-output>
        </test-method> <!-- clickOnElement -->
        <test-method signature="clickonuploaddownload()[pri:1, instance:test.UploadAndDownload_test@429bffaa]" started-at="2023-03-21T20:33:46 IST" name="clickonuploaddownload" finished-at="2023-03-21T20:33:46 IST" duration-ms="325" status="PASS">
          <reporter-output>
          </reporter-output>
        </test-method> <!-- clickonuploaddownload -->
        <test-method signature="clickonchose()[pri:2, instance:test.UploadAndDownload_test@429bffaa]" started-at="2023-03-21T20:33:46 IST" name="clickonchose" finished-at="2023-03-21T20:33:48 IST" duration-ms="1908" status="PASS">
          <reporter-output>
          </reporter-output>
        </test-method> <!-- clickonchose -->
        <test-method is-config="true" signature="tearDown()[pri:0, instance:test.UploadAndDownload_test@429bffaa]" started-at="2023-03-21T20:33:48 IST" name="tearDown" finished-at="2023-03-21T20:33:49 IST" duration-ms="1033" status="PASS">
          <reporter-output>
          </reporter-output>
        </test-method> <!-- tearDown -->
      </class> <!-- test.UploadAndDownload_test -->
    </test> <!-- UploadAndDownload_test -->
  </suite> <!-- Testing_Baba -->
</testng-results>
